Analysis & Synthesis report for Safe
Tue Apr 30 16:12:26 2019
Quartus II Version 9.1 Build 350 03/24/2010 Service Pack 2 SJ Web Edition


---------------------
; Table of Contents ;
---------------------
  1. Legal Notice
  2. Analysis & Synthesis Summary
  3. Analysis & Synthesis Settings
  4. Parallel Compilation
  5. Analysis & Synthesis Source Files Read
  6. Analysis & Synthesis Resource Usage Summary
  7. Analysis & Synthesis Resource Utilization by Entity
  8. State Machine - |Safe|message
  9. State Machine - |Safe|mLCD_ST
 10. State Machine - |Safe|LCD_Controller:u0|ST
 11. Registers Removed During Synthesis
 12. General Register Statistics
 13. Multiplexer Restructuring Statistics (Restructuring Performed)
 14. Parameter Settings for User Entity Instance: Top-level Entity: |Safe
 15. Parameter Settings for User Entity Instance: LCD_Controller:u0
 16. Analysis & Synthesis Messages
 17. Analysis & Synthesis Suppressed Messages



----------------
; Legal Notice ;
----------------
Copyright (C) 1991-2010 Altera Corporation
Your use of Altera Corporation's design tools, logic functions 
and other software and tools, and its AMPP partner logic 
functions, and any output files from any of the foregoing 
(including device programming or simulation files), and any 
associated documentation or information are expressly subject 
to the terms and conditions of the Altera Program License 
Subscription Agreement, Altera MegaCore Function License 
Agreement, or other applicable license agreement, including, 
without limitation, that your use is for the sole purpose of 
programming logic devices manufactured by Altera and sold by 
Altera or its authorized distributors.  Please refer to the 
applicable agreement for further details.



+-----------------------------------------------------------------------------------+
; Analysis & Synthesis Summary                                                      ;
+------------------------------------+----------------------------------------------+
; Analysis & Synthesis Status        ; Successful - Tue Apr 30 16:12:26 2019        ;
; Quartus II Version                 ; 9.1 Build 350 03/24/2010 SP 2 SJ Web Edition ;
; Revision Name                      ; Safe                                         ;
; Top-level Entity Name              ; Safe                                         ;
; Family                             ; Cyclone II                                   ;
; Total logic elements               ; 209                                          ;
;     Total combinational functions  ; 206                                          ;
;     Dedicated logic registers      ; 110                                          ;
; Total registers                    ; 110                                          ;
; Total pins                         ; 40                                           ;
; Total virtual pins                 ; 0                                            ;
; Total memory bits                  ; 0                                            ;
; Embedded Multiplier 9-bit elements ; 0                                            ;
; Total PLLs                         ; 0                                            ;
+------------------------------------+----------------------------------------------+


+----------------------------------------------------------------------------------------------------------------------+
; Analysis & Synthesis Settings                                                                                        ;
+----------------------------------------------------------------------------+--------------------+--------------------+
; Option                                                                     ; Setting            ; Default Value      ;
+----------------------------------------------------------------------------+--------------------+--------------------+
; Device                                                                     ; EP2C35F672C6       ;                    ;
; Top-level entity name                                                      ; Safe               ; Safe               ;
; Family name                                                                ; Cyclone II         ; Stratix II         ;
; Type of Retiming Performed During Resynthesis                              ; Full               ;                    ;
; Resynthesis Optimization Effort                                            ; Normal             ;                    ;
; Physical Synthesis Level for Resynthesis                                   ; Normal             ;                    ;
; Use Generated Physical Constraints File                                    ; On                 ;                    ;
; Use smart compilation                                                      ; Off                ; Off                ;
; Enable parallel Assembler and TimeQuest Timing Analyzer during compilation ; On                 ; On                 ;
; Enable compact report table                                                ; Off                ; Off                ;
; Restructure Multiplexers                                                   ; Auto               ; Auto               ;
; Create Debugging Nodes for IP Cores                                        ; Off                ; Off                ;
; Preserve fewer node names                                                  ; On                 ; On                 ;
; Disable OpenCore Plus hardware evaluation                                  ; Off                ; Off                ;
; Verilog Version                                                            ; Verilog_2001       ; Verilog_2001       ;
; VHDL Version                                                               ; VHDL_1993          ; VHDL_1993          ;
; State Machine Processing                                                   ; Auto               ; Auto               ;
; Safe State Machine                                                         ; Off                ; Off                ;
; Extract Verilog State Machines                                             ; On                 ; On                 ;
; Extract VHDL State Machines                                                ; On                 ; On                 ;
; Ignore Verilog initial constructs                                          ; Off                ; Off                ;
; Iteration limit for constant Verilog loops                                 ; 5000               ; 5000               ;
; Iteration limit for non-constant Verilog loops                             ; 250                ; 250                ;
; Add Pass-Through Logic to Inferred RAMs                                    ; On                 ; On                 ;
; Parallel Synthesis                                                         ; On                 ; On                 ;
; DSP Block Balancing                                                        ; Auto               ; Auto               ;
; NOT Gate Push-Back                                                         ; On                 ; On                 ;
; Power-Up Don't Care                                                        ; On                 ; On                 ;
; Remove Redundant Logic Cells                                               ; Off                ; Off                ;
; Remove Duplicate Registers                                                 ; On                 ; On                 ;
; Ignore CARRY Buffers                                                       ; Off                ; Off                ;
; Ignore CASCADE Buffers                                                     ; Off                ; Off                ;
; Ignore GLOBAL Buffers                                                      ; Off                ; Off                ;
; Ignore ROW GLOBAL Buffers                                                  ; Off                ; Off                ;
; Ignore LCELL Buffers                                                       ; Off                ; Off                ;
; Ignore SOFT Buffers                                                        ; On                 ; On                 ;
; Limit AHDL Integers to 32 Bits                                             ; Off                ; Off                ;
; Optimization Technique                                                     ; Balanced           ; Balanced           ;
; Carry Chain Length                                                         ; 70                 ; 70                 ;
; Auto Carry Chains                                                          ; On                 ; On                 ;
; Auto Open-Drain Pins                                                       ; On                 ; On                 ;
; Perform WYSIWYG Primitive Resynthesis                                      ; Off                ; Off                ;
; Auto ROM Replacement                                                       ; On                 ; On                 ;
; Auto RAM Replacement                                                       ; On                 ; On                 ;
; Auto Shift Register Replacement                                            ; Auto               ; Auto               ;
; Auto Clock Enable Replacement                                              ; On                 ; On                 ;
; Strict RAM Replacement                                                     ; Off                ; Off                ;
; Allow Synchronous Control Signals                                          ; On                 ; On                 ;
; Force Use of Synchronous Clear Signals                                     ; Off                ; Off                ;
; Auto RAM to Logic Cell Conversion                                          ; Off                ; Off                ;
; Auto Resource Sharing                                                      ; Off                ; Off                ;
; Allow Any RAM Size For Recognition                                         ; Off                ; Off                ;
; Allow Any ROM Size For Recognition                                         ; Off                ; Off                ;
; Allow Any Shift Register Size For Recognition                              ; Off                ; Off                ;
; Use LogicLock Constraints during Resource Balancing                        ; On                 ; On                 ;
; Ignore translate_off and synthesis_off directives                          ; Off                ; Off                ;
; Timing-Driven Synthesis                                                    ; Off                ; Off                ;
; Show Parameter Settings Tables in Synthesis Report                         ; On                 ; On                 ;
; Ignore Maximum Fan-Out Assignments                                         ; Off                ; Off                ;
; Synchronization Register Chain Length                                      ; 2                  ; 2                  ;
; PowerPlay Power Optimization                                               ; Normal compilation ; Normal compilation ;
; HDL message level                                                          ; Level2             ; Level2             ;
; Suppress Register Optimization Related Messages                            ; Off                ; Off                ;
; Number of Removed Registers Reported in Synthesis Report                   ; 5000               ; 5000               ;
; Number of Inverted Registers Reported in Synthesis Report                  ; 100                ; 100                ;
; Clock MUX Protection                                                       ; On                 ; On                 ;
; Auto Gated Clock Conversion                                                ; Off                ; Off                ;
; Block Design Naming                                                        ; Auto               ; Auto               ;
; SDC constraint protection                                                  ; Off                ; Off                ;
; Synthesis Effort                                                           ; Auto               ; Auto               ;
; Shift Register Replacement - Allow Asynchronous Clear Signal               ; On                 ; On                 ;
; Analysis & Synthesis Message Level                                         ; Medium             ; Medium             ;
; Disable Register Merging Across Hierarchies                                ; Auto               ; Auto               ;
; Resource Aware Inference For Block RAM                                     ; On                 ; On                 ;
+----------------------------------------------------------------------------+--------------------+--------------------+


Parallel compilation was disabled, but you have multiple processors available. Enable parallel compilation to reduce compilation time.
+-------------------------------------+
; Parallel Compilation                ;
+----------------------------+--------+
; Processors                 ; Number ;
+----------------------------+--------+
; Number detected on machine ; 4      ;
; Maximum allowed            ; 1      ;
+----------------------------+--------+


+----------------------------------------------------------------------------------------------------------------------------------------------------+
; Analysis & Synthesis Source Files Read                                                                                                             ;
+------------------------------------+-----------------+------------------------+--------------------------------------------------------------------+
; File Name with User-Entered Path   ; Used in Netlist ; File Type              ; File Name with Absolute Path                                       ;
+------------------------------------+-----------------+------------------------+--------------------------------------------------------------------+
; ../Safe Project/Servo_Controller.v ; yes             ; User Verilog HDL File  ; C:/Users/aluno/Desktop/Projeto CL2/Safe Project/Servo_Controller.v ;
; ../Safe Project/Safe.v             ; yes             ; User Verilog HDL File  ; C:/Users/aluno/Desktop/Projeto CL2/Safe Project/Safe.v             ;
; ../Safe Project/LCD_Reset_Delay.v  ; yes             ; User Verilog HDL File  ; C:/Users/aluno/Desktop/Projeto CL2/Safe Project/LCD_Reset_Delay.v  ;
; ../Safe Project/LCD_Controller.v   ; yes             ; User Verilog HDL File  ; C:/Users/aluno/Desktop/Projeto CL2/Safe Project/LCD_Controller.v   ;
+------------------------------------+-----------------+------------------------+--------------------------------------------------------------------+


+--------------------------------------------------------+
; Analysis & Synthesis Resource Usage Summary            ;
+---------------------------------------------+----------+
; Resource                                    ; Usage    ;
+---------------------------------------------+----------+
; Estimated Total logic elements              ; 209      ;
;                                             ;          ;
; Total combinational functions               ; 206      ;
; Logic element usage by number of LUT inputs ;          ;
;     -- 4 input functions                    ; 97       ;
;     -- 3 input functions                    ; 24       ;
;     -- <=2 input functions                  ; 85       ;
;                                             ;          ;
; Logic elements by mode                      ;          ;
;     -- normal mode                          ; 143      ;
;     -- arithmetic mode                      ; 63       ;
;                                             ;          ;
; Total registers                             ; 110      ;
;     -- Dedicated logic registers            ; 110      ;
;     -- I/O registers                        ; 0        ;
;                                             ;          ;
; I/O pins                                    ; 40       ;
; Maximum fan-out node                        ; CLOCK_50 ;
; Maximum fan-out                             ; 110      ;
; Total fan-out                               ; 989      ;
; Average fan-out                             ; 2.78     ;
+---------------------------------------------+----------+


+-----------------------------------------------------------------------------------------------------------------------------------------------------------------------------------+
; Analysis & Synthesis Resource Utilization by Entity                                                                                                                               ;
+----------------------------+-------------------+--------------+-------------+--------------+---------+-----------+------+--------------+---------------------------+--------------+
; Compilation Hierarchy Node ; LC Combinationals ; LC Registers ; Memory Bits ; DSP Elements ; DSP 9x9 ; DSP 18x18 ; Pins ; Virtual Pins ; Full Hierarchy Name       ; Library Name ;
+----------------------------+-------------------+--------------+-------------+--------------+---------+-----------+------+--------------+---------------------------+--------------+
; |Safe                      ; 206 (132)         ; 110 (55)     ; 0           ; 0            ; 0       ; 0         ; 40   ; 0            ; |Safe                     ; work         ;
;    |LCD_Controller:u0|     ; 19 (19)           ; 13 (13)      ; 0           ; 0            ; 0       ; 0         ; 0    ; 0            ; |Safe|LCD_Controller:u0   ;              ;
;    |Reset_Delay:r0|        ; 28 (28)           ; 21 (21)      ; 0           ; 0            ; 0       ; 0         ; 0    ; 0            ; |Safe|Reset_Delay:r0      ;              ;
;    |Servo_Controller:s0|   ; 27 (27)           ; 21 (21)      ; 0           ; 0            ; 0       ; 0         ; 0    ; 0            ; |Safe|Servo_Controller:s0 ;              ;
+----------------------------+-------------------+--------------+-------------+--------------+---------+-----------+------+--------------+---------------------------+--------------+
Note: For table entries with two numbers listed, the numbers in parentheses indicate the number of resources of the given type used by the specific entity alone. The numbers listed outside of parentheses indicate the total resources of the given type used by the specific entity and all of its sub-entities in the hierarchy.


Encoding Type:  One-Hot
+---------------------------------------------------+
; State Machine - |Safe|message                     ;
+------------+------------+------------+------------+
; Name       ; message.00 ; message.10 ; message.01 ;
+------------+------------+------------+------------+
; message.00 ; 0          ; 0          ; 0          ;
; message.01 ; 1          ; 0          ; 1          ;
; message.10 ; 1          ; 1          ; 0          ;
+------------+------------+------------+------------+


Encoding Type:  One-Hot
+------------------------------------------------------------------------------------+
; State Machine - |Safe|mLCD_ST                                                      ;
+----------------+----------------+----------------+----------------+----------------+
; Name           ; mLCD_ST.000011 ; mLCD_ST.000010 ; mLCD_ST.000001 ; mLCD_ST.000000 ;
+----------------+----------------+----------------+----------------+----------------+
; mLCD_ST.000000 ; 0              ; 0              ; 0              ; 0              ;
; mLCD_ST.000001 ; 0              ; 0              ; 1              ; 1              ;
; mLCD_ST.000010 ; 0              ; 1              ; 0              ; 1              ;
; mLCD_ST.000011 ; 1              ; 0              ; 0              ; 1              ;
+----------------+----------------+----------------+----------------+----------------+


Encoding Type:  One-Hot
+--------------------------------------------+
; State Machine - |Safe|LCD_Controller:u0|ST ;
+-------+-------+-------+-------+------------+
; Name  ; ST.11 ; ST.10 ; ST.01 ; ST.00      ;
+-------+-------+-------+-------+------------+
; ST.00 ; 0     ; 0     ; 0     ; 0          ;
; ST.01 ; 0     ; 0     ; 1     ; 1          ;
; ST.10 ; 0     ; 1     ; 0     ; 1          ;
; ST.11 ; 1     ; 0     ; 0     ; 1          ;
+-------+-------+-------+-------+------------+


+---------------------------------------------------------------------------------+
; Registers Removed During Synthesis                                              ;
+----------------------------------------+----------------------------------------+
; Register name                          ; Reason for Removal                     ;
+----------------------------------------+----------------------------------------+
; position[1..2,4..5]                    ; Merged with position[0]                ;
; position[6..7]                         ; Merged with position[3]                ;
; position[0]                            ; Stuck at GND due to stuck port data_in ;
; mLCD_ST~6                              ; Lost fanout                            ;
; mLCD_ST~7                              ; Lost fanout                            ;
; mLCD_ST~8                              ; Lost fanout                            ;
; mLCD_ST~9                              ; Lost fanout                            ;
; mLCD_ST~10                             ; Lost fanout                            ;
; mLCD_ST~11                             ; Lost fanout                            ;
; LCD_Controller:u0|ST~8                 ; Lost fanout                            ;
; LCD_Controller:u0|ST~9                 ; Lost fanout                            ;
; Total Number of Removed Registers = 15 ;                                        ;
+----------------------------------------+----------------------------------------+


+------------------------------------------------------+
; General Register Statistics                          ;
+----------------------------------------------+-------+
; Statistic                                    ; Value ;
+----------------------------------------------+-------+
; Total registers                              ; 110   ;
; Number of registers using Synchronous Clear  ; 48    ;
; Number of registers using Synchronous Load   ; 0     ;
; Number of registers using Asynchronous Clear ; 13    ;
; Number of registers using Asynchronous Load  ; 0     ;
; Number of registers using Clock Enable       ; 72    ;
; Number of registers using Preset             ; 0     ;
+----------------------------------------------+-------+


+----------------------------------------------------------------------------------------------------------------------------------------------+
; Multiplexer Restructuring Statistics (Restructuring Performed)                                                                               ;
+--------------------+-----------+---------------+----------------------+------------------------+------------+--------------------------------+
; Multiplexer Inputs ; Bus Width ; Baseline Area ; Area if Restructured ; Saving if Restructured ; Registered ; Example Multiplexer Output     ;
+--------------------+-----------+---------------+----------------------+------------------------+------------+--------------------------------+
; 3:1                ; 2 bits    ; 4 LEs         ; 2 LEs                ; 2 LEs                  ; Yes        ; |Safe|LCD_Controller:u0|mStart ;
; 6:1                ; 6 bits    ; 24 LEs        ; 6 LEs                ; 18 LEs                 ; Yes        ; |Safe|LUT_INDEX[0]             ;
; 7:1                ; 9 bits    ; 36 LEs        ; 9 LEs                ; 27 LEs                 ; Yes        ; |Safe|mLCD_DATA[7]             ;
; 8:1                ; 18 bits   ; 90 LEs        ; 18 LEs               ; 72 LEs                 ; Yes        ; |Safe|mDLY[8]                  ;
; 104:1              ; 8 bits    ; 552 LEs       ; 224 LEs              ; 328 LEs                ; Yes        ; |Safe|LUT_DATA[4]              ;
; 4:1                ; 3 bits    ; 6 LEs         ; 6 LEs                ; 0 LEs                  ; No         ; |Safe|message                  ;
; 6:1                ; 2 bits    ; 8 LEs         ; 4 LEs                ; 4 LEs                  ; No         ; |Safe|mLCD_ST                  ;
; 11:1               ; 2 bits    ; 14 LEs        ; 12 LEs               ; 2 LEs                  ; No         ; |Safe|mLCD_ST                  ;
+--------------------+-----------+---------------+----------------------+------------------------+------------+--------------------------------+


+----------------------------------------------------------------------+
; Parameter Settings for User Entity Instance: Top-level Entity: |Safe ;
+----------------+--------------------+--------------------------------+
; Parameter Name ; Value              ; Type                           ;
+----------------+--------------------+--------------------------------+
; LCD_INTIAL     ; 0                  ; Signed Integer                 ;
; LCD_LINE1      ; 5                  ; Signed Integer                 ;
; LCD_CH_LINE    ; 21                 ; Signed Integer                 ;
; LCD_LINE2      ; 22                 ; Signed Integer                 ;
; LUT_SIZE       ; 38                 ; Signed Integer                 ;
; PASSWORD       ; 111111111111111111 ; Unsigned Binary                ;
+----------------+--------------------+--------------------------------+
Note: In order to hide this table in the UI and the text report file, please set the "Show Parameter Settings Tables in Synthesis Report" option in "Analysis and Synthesis Settings -> More Settings" to "Off".


+----------------------------------------------------------------+
; Parameter Settings for User Entity Instance: LCD_Controller:u0 ;
+----------------+-------+---------------------------------------+
; Parameter Name ; Value ; Type                                  ;
+----------------+-------+---------------------------------------+
; CLK_Divide     ; 16    ; Signed Integer                        ;
+----------------+-------+---------------------------------------+
Note: In order to hide this table in the UI and the text report file, please set the "Show Parameter Settings Tables in Synthesis Report" option in "Analysis and Synthesis Settings -> More Settings" to "Off".


+-------------------------------+
; Analysis & Synthesis Messages ;
+-------------------------------+
Info: *******************************************************************
Info: Running Quartus II Analysis & Synthesis
    Info: Version 9.1 Build 350 03/24/2010 Service Pack 2 SJ Web Edition
    Info: Processing started: Tue Apr 30 16:12:25 2019
Info: Command: quartus_map --read_settings_files=on --write_settings_files=off Safe -c Safe
Info: Found 1 design units, including 1 entities, in source file /users/aluno/desktop/projeto cl2/safe project/servo_controller.v
    Info: Found entity 1: Servo_Controller
Info: Found 1 design units, including 1 entities, in source file /users/aluno/desktop/projeto cl2/safe project/safe.v
    Info: Found entity 1: Safe
Info: Found 1 design units, including 1 entities, in source file /users/aluno/desktop/projeto cl2/safe project/lcd_reset_delay.v
    Info: Found entity 1: Reset_Delay
Info: Found 1 design units, including 1 entities, in source file /users/aluno/desktop/projeto cl2/safe project/lcd_controller.v
    Info: Found entity 1: LCD_Controller
Info: Found 1 design units, including 1 entities, in source file /users/aluno/desktop/projeto cl2/safe project/lcd_print.v
    Info: Found entity 1: LCD_Print
Info: Elaborating entity "Safe" for the top level hierarchy
Warning (10230): Verilog HDL assignment warning at Safe.v(100): truncated value with size 32 to match size of target (18)
Warning (10230): Verilog HDL assignment warning at Safe.v(108): truncated value with size 32 to match size of target (6)
Info: Elaborating entity "Reset_Delay" for hierarchy "Reset_Delay:r0"
Info: Elaborating entity "LCD_Controller" for hierarchy "LCD_Controller:u0"
Info: Elaborating entity "Servo_Controller" for hierarchy "Servo_Controller:s0"
Warning: The following nodes have both tri-state and non-tri-state drivers
    Warning: Inserted always-enabled tri-state buffer between "LCD_DATA[0]" and its non-tri-state driver.
    Warning: Inserted always-enabled tri-state buffer between "LCD_DATA[1]" and its non-tri-state driver.
    Warning: Inserted always-enabled tri-state buffer between "LCD_DATA[2]" and its non-tri-state driver.
    Warning: Inserted always-enabled tri-state buffer between "LCD_DATA[3]" and its non-tri-state driver.
    Warning: Inserted always-enabled tri-state buffer between "LCD_DATA[4]" and its non-tri-state driver.
    Warning: Inserted always-enabled tri-state buffer between "LCD_DATA[5]" and its non-tri-state driver.
    Warning: Inserted always-enabled tri-state buffer between "LCD_DATA[6]" and its non-tri-state driver.
    Warning: Inserted always-enabled tri-state buffer between "LCD_DATA[7]" and its non-tri-state driver.
Warning: TRI or OPNDRN buffers permanently enabled
    Warning: Node "LCD_DATA[0]~synth"
    Warning: Node "LCD_DATA[1]~synth"
    Warning: Node "LCD_DATA[2]~synth"
    Warning: Node "LCD_DATA[3]~synth"
    Warning: Node "LCD_DATA[4]~synth"
    Warning: Node "LCD_DATA[5]~synth"
    Warning: Node "LCD_DATA[6]~synth"
    Warning: Node "LCD_DATA[7]~synth"
Warning: Output pins are stuck at VCC or GND
    Warning (13410): Pin "LCD_ON" is stuck at VCC
    Warning (13410): Pin "LCD_BLON" is stuck at VCC
    Warning (13410): Pin "LCD_RW" is stuck at GND
Info: 8 registers lost all their fanouts during netlist optimizations. The first 8 are displayed below.
    Info: Register "mLCD_ST~6" lost all its fanouts during netlist optimizations.
    Info: Register "mLCD_ST~7" lost all its fanouts during netlist optimizations.
    Info: Register "mLCD_ST~8" lost all its fanouts during netlist optimizations.
    Info: Register "mLCD_ST~9" lost all its fanouts during netlist optimizations.
    Info: Register "mLCD_ST~10" lost all its fanouts during netlist optimizations.
    Info: Register "mLCD_ST~11" lost all its fanouts during netlist optimizations.
    Info: Register "LCD_Controller:u0|ST~8" lost all its fanouts during netlist optimizations.
    Info: Register "LCD_Controller:u0|ST~9" lost all its fanouts during netlist optimizations.
Info: Generated suppressed messages file C:/Users/aluno/Desktop/Projeto CL2/Quartus/Safe.map.smsg
Info: Implemented 249 device resources after synthesis - the final resource count might be different
    Info: Implemented 23 input pins
    Info: Implemented 9 output pins
    Info: Implemented 8 bidirectional pins
    Info: Implemented 209 logic cells
Info: Quartus II Analysis & Synthesis was successful. 0 errors, 24 warnings
    Info: Peak virtual memory: 211 megabytes
    Info: Processing ended: Tue Apr 30 16:12:26 2019
    Info: Elapsed time: 00:00:01
    Info: Total CPU time (on all processors): 00:00:02


+------------------------------------------+
; Analysis & Synthesis Suppressed Messages ;
+------------------------------------------+
The suppressed messages can be found in C:/Users/aluno/Desktop/Projeto CL2/Quartus/Safe.map.smsg.


